-------------------------------------------------------------------------------
Test set: TestSuite
-------------------------------------------------------------------------------
Tests run: 4, Failures: 1, Errors: 0, Skipped: 0, Time elapsed: 66.569 s <<< FAILURE! - in TestSuite
basePageNavigation(Academy.validateTitle)  Time elapsed: 11.487 s  <<< FAILURE!
java.lang.AssertionError: expected [Features Course123] but found [FEATURED COURSES]
	at Academy.validateTitle.basePageNavigation(validateTitle.java:33)

