<?xml version="1.0" encoding="UTF-8"?>
<testng-results skipped="0" failed="0" total="2" passed="2">
  <reporter-output>
  </reporter-output>
  <suite name="Default suite" duration-ms="49049" started-at="2021-09-17T11:59:57Z" finished-at="2021-09-17T12:00:46Z">
    <groups>
    </groups>
    <test name="Default test" duration-ms="49049" started-at="2021-09-17T11:59:57Z" finished-at="2021-09-17T12:00:46Z">
      <class name="Academy.HomePage">
        <test-method status="PASS" signature="initialize()[pri:0, instance:Academy.HomePage@53045c6c]" name="initialize" is-config="true" duration-ms="32868" started-at="2021-09-17T17:29:57Z" finished-at="2021-09-17T17:30:30Z">
          <reporter-output>
          </reporter-output>
        </test-method> <!-- initialize -->
        <test-method status="PASS" signature="basePageNavigation(java.lang.String, java.lang.String, java.lang.String)[pri:0, instance:Academy.HomePage@53045c6c]" name="basePageNavigation" duration-ms="4494" started-at="2021-09-17T17:30:30Z" data-provider="getdata" finished-at="2021-09-17T17:30:34Z">
          <params>
            <param index="0">
              <value>
                <![CDATA[nonrestricteduser@qaclick.com]]>
              </value>
            </param>
            <param index="1">
              <value>
                <![CDATA[123456]]>
              </value>
            </param>
            <param index="2">
              <value>
                <![CDATA[Restricted User]]>
              </value>
            </param>
          </params>
          <reporter-output>
          </reporter-output>
        </test-method> <!-- basePageNavigation -->
        <test-method status="PASS" signature="basePageNavigation(java.lang.String, java.lang.String, java.lang.String)[pri:0, instance:Academy.HomePage@53045c6c]" name="basePageNavigation" duration-ms="11595" started-at="2021-09-17T17:30:34Z" data-provider="getdata" finished-at="2021-09-17T17:30:46Z">
          <params>
            <param index="0">
              <value>
                <![CDATA[restricteduser@qaclick.com]]>
              </value>
            </param>
            <param index="1">
              <value>
                <![CDATA[456789]]>
              </value>
            </param>
            <param index="2">
              <value>
                <![CDATA[Nonrestricted User]]>
              </value>
            </param>
          </params>
          <reporter-output>
          </reporter-output>
        </test-method> <!-- basePageNavigation -->
        <test-method status="PASS" signature="teardown()[pri:0, instance:Academy.HomePage@53045c6c]" name="teardown" is-config="true" duration-ms="78" started-at="2021-09-17T17:30:46Z" finished-at="2021-09-17T17:30:46Z">
          <reporter-output>
          </reporter-output>
        </test-method> <!-- teardown -->
      </class> <!-- Academy.HomePage -->
    </test> <!-- Default test -->
  </suite> <!-- Default suite -->
</testng-results>
