<?xml version="1.0" encoding="UTF-8"?>
<testng-results skipped="0" failed="0" ignored="0" total="1" passed="1">
  <reporter-output>
  </reporter-output>
  <suite name="Default suite" duration-ms="43728" started-at="2022-02-24T12:09:03 IST" finished-at="2022-02-24T12:09:47 IST">
    <groups>
    </groups>
    <test name="Default test" duration-ms="43728" started-at="2022-02-24T12:09:03 IST" finished-at="2022-02-24T12:09:47 IST">
      <class name="ShoppingCart.Amezon.HomePage">
        <test-method status="PASS" signature="initialize()[pri:0, instance:ShoppingCart.Amezon.HomePage@706a04ae]" name="initialize" is-config="true" duration-ms="6601" started-at="2022-02-24T12:09:03 IST" finished-at="2022-02-24T12:09:09 IST">
          <reporter-output>
          </reporter-output>
        </test-method> <!-- initialize -->
        <test-method status="PASS" signature="homePageNavigation()[pri:0, instance:ShoppingCart.Amezon.HomePage@706a04ae]" name="homePageNavigation" duration-ms="37020" started-at="2022-02-24T12:09:10 IST" finished-at="2022-02-24T12:09:47 IST">
          <reporter-output>
          </reporter-output>
        </test-method> <!-- homePageNavigation -->
      </class> <!-- ShoppingCart.Amezon.HomePage -->
    </test> <!-- Default test -->
  </suite> <!-- Default suite -->
</testng-results>
